<?xml version="1.0" encoding="UTF-8"?>
<!-- Generated by org.testng.reporters.JUnitReportReporter -->
<testsuite hostname="DESKTOP-5JHJNDH" failures="0" tests="1" name="Script.OTP_Test" time="12.065" errors="0" timestamp="2024-06-12T12:48:24 IST" skipped="0">
  <testcase classname="Script.OTP_Test" name="testContinueBtnAndEnterMobileNumber" time="12.065"/>
  <system-out/>
</testsuite> <!-- Script.OTP_Test -->
